<?xml version="1.0" encoding="utf-8"?><testsuites name="pytest tests"><testsuite name="pytest" errors="0" failures="1" skipped="4" tests="3318" time="1505.757" timestamp="2026-09-19T14:38:43.372535+08:00" hostname="LI4-LSDETSDN"><testcase classname="tests.test_account_store.TestParseCookieString" name="test_parses_bilibili_cookies" time="0.001" /><testcase classname="tests.test_account_store.TestParseCookieString" name="test_sessdata_is_http_only" time="0.001" /><testcase classname="tests.test_account_store.TestParseCookieString" name="test_empty_string_returns_empty_list" time="0.000" /><testcase classname="tests.test_account_store.TestParseCookieString" name="test_invalid_parts_skipped" time="0.000" /><testcase classname="tests.test_account_store.TestParseCookieString" name="test_reports_missing_platform_login_cookie" time="0.000" /><testcase classname="tests.test_account_store.TestParseCookieString" name="test_accepts_platform_login_cookie" time="0.000" /><testcase classname="tests.test_account_store.TestAccountStoreSnapshot" name="test_default_snapshot_is_empty" time="0.000" /><testcase classname="tests.test_account_store.TestAccountStoreSnapshot" name="test_roundtrip_json" time="0.001" /><testcase classname="tests.test_account_store.TestAccountForApi" name="test_returns_cookie_count_without_cookie_details" time="0.001" /><testcase classname="tests.test_account_store.TestAccountForApi" name="test_hides_raw_cookies" time="0.000" /><testcase classname="tests.test_account_store.TestAccountForApi" name="test_hides_cookie_string_accidentally_saved_as_label" time="0.001" /><testcase classname="tests.test_account_store.TestPlatformName" name="test_known_platforms" time="0.000" /><testcase classname="tests.test_account_store.TestPlatformName" name="test_unknown_platform" time="0.000" /><testcase classname="tests.test_account_store" name="test_sanitize_account_label_rejects_credentials" time="0.000" /><testcase classname="tests.test_account_store" name="test_loading_store_permanently_cleans_credential_label" time="0.008" /><testcase classname="tests.test_account_store" name="test_cookie_lookup_matches_only_platform_domain" time="0.006" /><testcase classname="tests.test_account_store.TestSaveAndDelete" name="test_save_creates_account" time="0.004" /><testcase classname="tests.test_account_store" name="test_bilibili_verification_uses_browser_headers_and_accepts_logged_in" time="0.003" /><testcase classname="tests.test_account_store" name="test_bilibili_verification_distinguishes_logout_from_antibot[response0-expired]" time="0.003" /><testcase classname="tests.test_account_store" name="test_bilibili_verification_distinguishes_logout_from_antibot[response1-error]" time="0.003" /><testcase classname="tests.test_account_store" name="test_netease_verification_uses_account_endpoint_and_requires_login_proof[payload0-active]" time="0.003" /><testcase classname="tests.test_account_store" name="test_netease_verification_uses_account_endpoint_and_requires_login_proof[payload1-expired]" time="0.003" /><testcase classname="tests.test_account_store" name="test_netease_verification_uses_account_endpoint_and_requires_login_proof[payload2-error]" time="0.002" /><testcase classname="tests.test_account_store" name="test_inconclusive_verification_preserves_working_account_status" time="0.001" /><testcase classname="tests.test_account_store" name="test_delete_removes_account" time="0.011" /><testcase classname="tests.test_action_journal" name="test_prepared_action_can_remain_unforwarded_after_local_crash" time="0.016" /><testcase classname="tests.test_action_journal" name="test_non_idempotent_unknown_requires_reconcile" time="0.017" /><testcase classname="tests.test_action_journal" name="test_same_idempotency_key_reuses_action" time="0.016" /><testcase classname="tests.test_action_journal" name="test_new_protocol_call_id_reuses_stable_task_operation" time="0.019" /><testcase classname="tests.test_action_journal" name="test_same_operation_reuses_action_across_attempt_and_generation" time="0.016" /><testcase classname="tests.test_action_journal" name="test_old_attempt_cannot_dispatch_prepared_action_after_lease_takeover" time="0.018" /><testcase classname="tests.test_action_journal" name="test_same_implicit_task_operation_reuses_action_across_attempts" time="0.019" /><testcase classname="tests.test_action_journal" name="test_operation_id_cannot_be_reused_with_different_arguments" time="0.017" /><testcase classname="tests.test_action_journal" name="test_journal_open_does_not_recover_long_running_dispatch_by_elapsed_time" time="0.020" /><testcase classname="tests.test_action_journal" name="test_recovery_requires_owner_or_lease_abandonment_confirmation" time="0.022" /><testcase classname="tests.test_action_journal" name="test_late_outcome_reconciles_action_recovered_as_unknown" time="0.021" /><testcase classname="tests.test_action_journal" name="test_claim_dispatch_is_single_winner" time="0.048" /><testcase classname="tests.test_action_journal" name="test_journal_prepare_failure_blocks_side_effect" time="0.026" /><testcase classname="tests.test_action_journal" name="test_handler_exception_after_dispatch_records_unknown" time="0.022" /><testcase classname="tests.test_action_journal" name="test_dynamic_memory_write_uses_journal_and_stable_operation" time="0.023" /><testcase classname="tests.test_action_journal" name="test_structured_terminal_state_is_preserved_in_journal[{&quot;status&quot;: &quot;cancelled&quot;}-cancelled]" time="0.020" /><testcase classname="tests.test_action_journal" name="test_structured_terminal_state_is_preserved_in_journal[{&quot;status&quot;: &quot;timed_out&quot;}-timed_out]" time="0.022" /><testcase classname="tests.test_action_journal" name="test_structured_terminal_state_is_preserved_in_journal[{&quot;status&quot;: &quot;unknown&quot;}-unknown]" time="0.021" /><testcase classname="tests.test_action_journal" name="test_unclassified_tool_defaults_to_non_idempotent_write" time="0.001" /><testcase classname="tests.test_action_journal" name="test_inactive_execution_lease_blocks_dispatch" time="0.017" /><testcase classname="tests.test_action_journal" name="test_stale_prior_dispatch_is_recovered_via_trusted_lease_validator" time="0.020" /><testcase classname="tests.test_action_journal" name="test_action_ref_uses_task_scoped_call_id_and_projects_filtered_evidence" time="0.029" /><testcase classname="tests.test_action_journal" name="test_action_arguments_redact_credentials_without_changing_idempotency" time="0.019" /><testcase classname="tests.test_actions_journal_owner" name="test_concurrent_instances_survive_write_contention" time="0.295" /><testcase classname="tests.test_actions_journal_owner" name="test_execution_stats_expose_retries_and_closed_state" time="0.026" /><testcase classname="tests.test_actions_journal_owner" name="test_closed_journal_rejects_new_writes" time="0.022" /><testcase classname="tests.test_actions_journal_owner" name="test_parallel_prepare_same_idempotency_key_yields_single_action" time="0.042" /><testcase classname="tests.test_actions_journal_owner" name="test_contention_gate_keeps_no_orphan_marker_after_close" time="0.019" /><testcase classname="tests.test_agent_client_initialization" name="test_explicit_credentials_build_lifecycle_and_acp_args" time="0.001" /><testcase classname="tests.test_agent_client_initialization" name="test_routed_client_is_converted_to_lifecycle_kwargs" time="0.001" /><testcase classname="tests.test_agent_client_initialization" name="test_unconfigured_explicit_provider_fails_before_client_creation" time="0.001" /><testcase classname="tests.test_agent_client_initialization" name="test_auto_mode_uses_openrouter_default_when_router_has_no_client" time="0.001" /><testcase classname="tests.test_agent_client_initialization" name="test_primary_client_failure_keeps_initialization_error_boundary" time="0.001" /><testcase classname="tests.test_agent_executor_runtime" name="test_executor_routes_lane_and_unbinds_explicitly" time="0.001" /><testcase classname="tests.test_agent_session_initialization" name="test_session_runtime_creates_identity_db_registration_and_persistence" time="0.001" /><testcase classname="tests.test_agent_session_initialization" name="test_requested_session_id_is_preserved" time="0.001" /><testcase classname="tests.test_agent_session_initialization" name="test_session_registration_failure_does_not_disable_persistence" time="0.001" /><testcase classname="tests.test_api_attempt" name="test_attempt_state_owns_retry_cycle" time="0.000" /><testcase classname="tests.test_api_attempt" name="test_attempt_retry_reset_clears_primary_recovery_only" time="0.000" /><testcase classname="tests.test_api_attempt" name="test_unicode_sanitization_budget_is_scoped_to_each_attempt" time="0.000" /><testcase classname="tests.test_api_config_memory_llm" name="test_has_configured_api_key_rejects_template_placeholder" time="0.001" /><testcase classname="tests.test_api_config_memory_llm" name="test_has_configured_api_key_accepts_real_key" time="0.000" /><testcase classname="tests.test_api_config_memory_llm" name="test_api_a_key_configured_accepts_stored_user_provider_key" time="0.000" /><testcase classname="tests.test_api_config_memory_llm" name="test_api_b_key_configured_uses_memory_llm_key_env" time="0.000" /><testcase classname="tests.test_api_config_memory_llm" name="test_api_b_key_configured_uses_provider_default_key_env" time="0.001" /><testcase classname="tests.test_api_config_memory_llm" name="test_api_b_key_configured_uses_shared_provider_stored_key" time="0.001" /><testcase classname="tests.test_api_config_memory_llm" name="test_provider_has_usable_credential_uses_matching_pool" time="0.001" /><testcase classname="tests.test_api_config_memory_llm" name="test_provider_credential_sources_reports_voidcube_env_without_secret" time="0.005" /><testcase classname="tests.test_api_config_memory_llm" name="test_persist_api_a_selection_does_not_touch_memory_llm" time="0.001" /><testcase classname="tests.test_api_config_memory_llm" name="test_persist_api_a_selection_saves_confirmed_model_modalities" time="0.000" /><testcase classname="tests.test_api_config_memory_llm" name="test_remove_provider_pool_entry_rejects_referenced_provider_and_removes_unused" time="0.001" /><testcase classname="tests.test_api_config_memory_llm" name="test_persist_provider_pool_entry_normalizes_chat_completions_url" time="0.000" /><testcase classname="tests.test_api_config_memory_llm" name="test_provider_pool_persistence_normalizes_lowercase_env_name" time="0.000" /><testcase classname="tests.test_api_config_memory_llm" name="test_provider_pool_persistence_keeps_explicit_model_outside_api_catalog" time="0.000" /><testcase classname="tests.test_api_config_memory_llm" name="test_refresh_provider_pool_catalog_retains_explicit_model" time="0.000" /><testcase classname="tests.test_api_config_memory_llm" name="test_persist_ollama_provider_uses_shared_pool_and_no_auth" time="0.000" /><testcase classname="tests.test_api_config_memory_llm" name="test_refresh_provider_pool_catalog_uses_existing_env_key" time="0.000" /><testcase classname="tests.test_api_config_memory_llm" name="test_provider_pool_api_key_accepts_stored_pool_key" time="0.000" /><testcase classname="tests.test_api_config_memory_llm" name="test_persist_api_b_config_does_not_touch_api_a_provider" time="0.001" /><testcase classname="tests.test_api_config_memory_llm" name="test_persist_custom_api_b_config_is_isolated_and_normalizes_url" time="0.001" /><testcase classname="tests.test_api_config_memory_llm" name="test_image_and_video_generation_config_updates_are_isolated" time="0.001" /><testcase classname="tests.test_api_config_memory_llm" name="test_api_config_summary_redacts_secret_values" time="0.001" /><testcase classname="tests.test_api_config_memory_llm" name="test_normalized_runtime_config_drops_old_model_mirror_without_migration" time="0.001" /><testcase classname="tests.test_api_config_memory_llm" name="test_provider_model_update_does_not_recreate_old_model_mirror" time="0.000" /><testcase classname="tests.test_api_config_memory_llm" name="test_normalized_runtime_config_drops_retired_custom_providers_schema" time="0.000" /><testcase classname="tests.test_api_request" name="test_prepare_chat_messages_builds_api_copy_and_preserves_history" time="0.000" /><testcase classname="tests.test_api_request" name="test_sanitize_chat_messages_repairs_tool_pairs_and_invalid_roles" time="0.000" /><testcase classname="tests.test_api_request" name="test_direct_openai_request_uses_developer_role_and_completion_limit" time="0.000" /><testcase classname="tests.test_api_request" name="test_openrouter_request_collects_preferences_tools_and_reasoning" time="0.000" /><testcase classname="tests.test_api_request" name="test_nous_request_omits_explicitly_disabled_reasoning_but_keeps_tags" time="0.000" /><testcase classname="tests.test_api_request" name="test_qwen_request_normalizes_content_without_mutating_history" time="0.000" /><testcase classname="tests.test_api_request" name="test_local_request_only_adds_configured_context_option" time="0.000" /><testcase classname="tests.test_api_request" name="test_summary_request_can_exclude_tools_and_turn_overrides" time="0.000" /><testcase classname="tests.test_api_request" name="test_request_rejects_retired_model_endpoint_route_and_override" time="0.001" /><testcase classname="tests.test_api_request" name="test_scoped_memory_request_replaces_tools_limits_overrides_and_timeout" time="0.000" /><testcase classname="tests.test_api_request" name="test_request_can_explicitly_omit_default_reasoning_payload" time="0.000" /><testcase classname="tests.test_api_request" name="test_native_image_input_expands_persisted_reference_only_for_api_request" time="0.005" /><testcase classname="tests.test_api_request" name="test_text_model_request_drops_attachment_metadata_without_expanding_image" time="0.004" /><testcase classname="tests.test_api_request" name="test_native_audio_and_video_inputs_are_projected_without_persisting_bytes" time="0.004" /><testcase classname="tests.test_api_response" name="test_inspect_chat_response_rejects_malformed_shapes[None-response is None]" time="0.001" /><testcase classname="tests.test_api_response" name="test_inspect_chat_response_rejects_malformed_shapes[response1-response has no 'choices' attribute]" time="0.001" /><testcase classname="tests.test_api_response" name="test_inspect_chat_response_rejects_malformed_shapes[response2-response.choices is None]" time="0.001" /><testcase classname="tests.test_api_response" name="test_inspect_chat_response_rejects_malformed_shapes[response3-response.choices is empty]" time="0.001" /><testcase classname="tests.test_api_response" name="test_inspect_chat_response_rejects_malformed_shapes[response4-response.choices[0] has no 'message' attribute]" time="0.001" /><testcase classname="tests.test_api_response" name="test_inspect_chat_response_returns_valid_first_choice_contract" time="0.001" /><testcase classname="tests.test_api_response" name="test_inspect_chat_response_extracts_provider_error_diagnostics" time="0.001" /><testcase classname="tests.test_api_response" name="test_truncation_recovery_ignores_non_length_responses" time="0.001" /><testcase classname="tests.test_api_response" name="test_truncation_recovery_detects_reasoning_only_budget_exhaustion" time="0.001" /><testcase classname="tests.test_api_response" name="test_truncation_recovery_limits_text_continuations" time="0.000" /><testcase classname="tests.test_api_response" name="test_truncation_recovery_retries_incomplete_tool_call_once" time="0.001" /><testcase classname="tests.test_api_response" name="test_strip_thinking_blocks_uses_one_case_insensitive_tag_contract" time="0.000" /><testcase classname="tests.test_api_response" name="test_extract_reasoning_prefers_unique_structured_fields" time="0.000" /><testcase classname="tests.test_api_response" name="test_extract_reasoning_reads_inline_variants_when_structured_fields_are_empty" time="0.000" /><testcase classname="tests.test_api_response" name="test_visible_or_reasoning_text_prefers_user_visible_content" time="0.000" /><testcase classname="tests.test_api_response" name="test_visible_or_reasoning_text_falls_back_to_reasoning" time="0.000" /><testcase classname="tests.test_api_response" name="test_normalize_assistant_message_preserves_reasoning_details_and_tool_metadata" time="0.000" /><testcase classname="tests.test_application_interaction_contract" name="test_approval_resolution_is_explicit_and_fails_closed" time="0.000" /><testcase classname="tests.test_application_interaction_contract" name="test_approval_sink_failure_becomes_unavailable_decision" time="0.000" /><testcase classname="tests.test_application_interaction_contract" name="test_clarification_resolution_preserves_request_and_status" time="0.000" /><testcase classname="tests.test_application_interaction_contract" name="test_non_answer_clarification_statuses_have_agent_guidance[cancelled-cancelled]" time="0.001" /><testcase classname="tests.test_application_interaction_contract" name="test_non_answer_clarification_statuses_have_agent_guidance[timed_out-time limit]" time="0.001" /><testcase classname="tests.test_application_interaction_contract" name="test_invalid_clarification_answers_are_unavailable" time="0.001" /><testcase classname="tests.test_application_runtime" name="test_application_runtime_owns_history_and_emits_session_turn_events" time="0.001" /><testcase classname="tests.test_application_runtime" name="test_application_runtime_rejects_overlapping_turns_and_fails_closed_on_sink_error" time="0.001" /><testcase classname="tests.test_application_runtime" name="test_application_runtime_applies_session_transition_and_emits_boundary_events" time="0.000" /><testcase classname="tests.test_application_runtime" name="test_application_runtime_rebinds_active_turn_to_continuation" time="0.000" /><testcase classname="tests.test_application_runtime" name="test_application_runtime_publishes_interaction_and_delivery_events" time="0.001" /><testcase classname="tests.test_application_runtime" name="test_application_runtime_promotes_tool_artifacts_to_application_events" time="0.000" /><testcase classname="tests.test_application_scheduler_contract" name="test_turn_request_normalizes_values_and_copies_tool_policy" time="0.000" /><testcase classname="tests.test_application_scheduler_contract" name="test_autonomous_request_gets_lower_default_priority" time="0.000" /><testcase classname="tests.test_application_scheduler_contract" name="test_turn_request_rejects_missing_identity[kwargs0]" time="0.001" /><testcase classname="tests.test_application_scheduler_contract" name="test_turn_request_rejects_missing_identity[kwargs1]" time="0.000" /><testcase classname="tests.test_application_scheduler_contract" name="test_contracts_reject_unknown_enum_values" time="0.001" /><testcase classname="tests.test_application_scheduler_contract" name="test_snapshot_and_event_round_trip" time="0.000" /><testcase classname="tests.test_application_scheduler_contract" name="test_turn_request_round_trip" time="0.000" /><testcase classname="tests.test_application_services" name="test_config_runtime_loads_once_and_reloads_in_place" time="0.000" /><testcase classname="tests.test_application_services" name="test_config_runtime_requires_loader_before_first_access" time="0.000" /><testcase classname="tests.test_application_services" name="test_shared_model_normalization_preserves_provider_identifier" time="0.000" /><testcase classname="tests.test_application_services" name="test_cli_auth_adapter_uses_shared_provider_contract" time="0.002" /><testcase classname="tests.test_application_services" name="test_cli_plugin_adapter_reuses_shared_registry" time="0.001" /><testcase classname="tests.test_application_services" name="test_gateway_registration_uses_configured_address_and_auth" time="0.001" /><testcase classname="tests.test_application_services" name="test_gateway_registration_can_forward_memory_scope" time="0.001" /><testcase classname="tests.test_application_services" name="test_cli_gateway_registration_uses_mem_provider_scope" time="0.001" /><testcase classname="tests.test_application_services" name="test_gateway_scene_projection_preserves_lane_metadata" time="0.001" /><testcase classname="tests.test_application_session_identity" name="test_requested_session_identity_does_not_query_the_index" time="0.000" /><testcase classname="tests.test_application_session_identity" name="test_auto_resume_prefers_open_autonomous_owner_over_interactive_history" time="0.000" /><testcase classname="tests.test_application_session_identity" name="test_auto_resume_falls_back_to_interactive_history_or_a_fresh_identifier" time="0.000" /><testcase classname="tests.test_application_session_identity" name="test_auto_resume_failure_returns_a_fresh_identity_and_diagnostic" time="0.000" /><testcase classname="tests.test_application_session_lifecycle" name="test_start_new_session_ends_old_session_and_optionally_creates_record" time="0.001" /><testcase classname="tests.test_application_session_lifecycle" name="test_resume_session_filters_metadata_and_preserves_transition_order" time="0.000" /><testcase classname="tests.test_application_session_lifecycle" name="test_resume_session_rejects_missing_or_already_active_target_before_writes" time="0.000" /><testcase classname="tests.test_application_session_lifecycle" name="test_hydrate_session_reports_missing_empty_and_ready_outcomes" time="0.000" /><testcase classname="tests.test_application_session_lifecycle" name="test_resume_and_hydrate_follow_latest_compression_continuation" time="0.000" /><testcase classname="tests.test_application_session_lifecycle" name="test_branch_session_copies_supported_history_and_tolerates_message_failure" time="0.001" /><testcase classname="tests.test_application_session_lifecycle" name="test_remove_last_user_turn_reports_non_mutating_outcomes" time="0.001" /><testcase classname="tests.test_application_session_lifecycle" name="test_remove_last_user_turn_truncates_memory_and_repository" time="0.001" /><testcase classname="tests.test_application_session_lifecycle" name="test_remove_last_user_turn_keeps_history_unchanged_when_repository_fails" time="0.001" /><testcase classname="tests.test_application_session_lifecycle" name="test_get_session_title_reports_current_pending_unset_and_unavailable" time="0.001" /><testcase classname="tests.test_application_session_lifecycle" name="test_set_session_title_updates_existing_or_queues_new_session" time="0.001" /><testcase classname="tests.test_application_session_lifecycle" name="test_set_session_title_reports_conflict_invalid_and_unavailable" time="0.001" /><testcase classname="tests.test_application_tool_events" name="test_started_event_copies_arguments_and_preserves_identity" time="0.000" /><testcase classname="tests.test_application_tool_events" name="test_failed_event_normalizes_duration_and_exposes_state" time="0.000" /><testcase classname="tests.test_application_tool_events" name="test_completed_event_carries_structured_artifacts" time="0.000" /><testcase classname="tests.test_application_tool_events" name="test_terminal_event_kind_matches_execution_state[succeeded-tool.succeeded]" time="0.001" /><testcase classname="tests.test_application_tool_events" name="test_terminal_event_kind_matches_execution_state[failed-tool.failed]" time="0.001" /><testcase classname="tests.test_application_tool_events" name="test_terminal_event_kind_matches_execution_state[cancelled-tool.cancelled]" time="0.001" /><testcase classname="tests.test_application_tool_events" name="test_terminal_event_kind_matches_execution_state[timed_out-tool.timed_out]" time="0.001" /><testcase classname="tests.test_application_tool_events" name="test_terminal_event_kind_matches_execution_state[unknown-tool.unknown]" time="0.001" /><testcase classname="tests.test_application_tool_events" name="test_reasoning_and_subagent_progress_are_distinct_events" time="0.000" /><testcase classname="tests.test_application_turn_contract" name="test_begin_turn_preserves_prior_history_and_appends_user_input" time="0.000" /><testcase classname="tests.test_application_turn_contract" name="test_missing_turn_result_keeps_fallback_history_and_reports_failure" time="0.000" /><testcase classname="tests.test_application_turn_contract" name="test_turn_outcome_uses_agent_history_and_structured_status" time="0.000" /><testcase classname="tests.test_application_turn_contract" name="test_partial_empty_outcome_builds_error_without_replacing_bad_history_shape" time="0.001" /><testcase classname="tests.test_application_turn_queue" name="test_turn_input_route_only_represents_queued_work" time="0.000" /><testcase classname="tests.test_application_turn_scheduler" name="test_user_turn_is_admitted_before_earlier_autonomous_turn" time="0.001" /><testcase classname="tests.test_application_turn_scheduler" name="test_active_cancel_is_idempotent_and_emits_explicit_events" time="0.001" /><testcase classname="tests.test_application_turn_scheduler" name="test_pause_autonomous_closes_gate_and_cancels_active_autonomous_turn" time="0.001" /><testcase classname="tests.test_application_turn_scheduler" name="test_queued_cancel_removes_request_without_touching_active_turn" time="0.000" /><testcase classname="tests.test_application_turn_scheduler" name="test_dispatch_next_closes_successful_turn_and_passes_token" time="0.000" /><testcase classname="tests.test_application_turn_scheduler" name="test_dispatch_next_records_failure_and_reraises" time="0.000" /><testcase classname="tests.test_application_turn_scheduler" name="test_dispatch_next_can_be_cancelled_while_executor_runs" time="0.001" /><testcase classname="tests.test_application_turn_scheduler" name="test_cancelled_executor_exception_keeps_cancelled_terminal_state" time="0.013" /><testcase classname="tests.test_application_turn_scheduler" name="test_same_priority_requests_keep_fifo_order" time="0.001" /><testcase classname="tests.test_application_turn_scheduler" name="test_concurrent_submissions_preserve_unique_admission" time="0.003" /><testcase classname="tests.test_application_turn_scheduler" name="test_cancel_notifies_injected_executor_once" time="0.001" /><testcase classname="tests.test_application_turn_scheduler" name="test_shutdown_cancels_active_and_queued_requests_and_waits_for_drain" time="0.001" /><testcase classname="tests.test_application_turn_scheduler" name="test_shutdown_rejects_new_work_and_autonomous_resume" time="0.001" /><testcase classname="tests.test_application_use_case_contract" name="test_session_adapter_contract_runs_only_through_application_runtime" time="0.001" /><testcase classname="tests.test_application_use_case_contract" name="test_public_history_title_and_turn_control_use_cases_share_runtime_state" time="0.001" /><testcase classname="tests.test_application_use_case_contract" name="test_shared_runtime_owns_pending_title_hydration_busy_state_and_queues" time="0.001" /><testcase classname="tests.test_autonomous_chain_execution_boundaries" name="test_claim_can_exclude_auto_work_without_blocking_assist_work" time="0.038" /><testcase classname="tests.test_autonomous_chain_execution_boundaries" name="test_api_a_schedule_snapshot_excludes_api_b_and_employee_work" time="0.041" /><testcase classname="tests.test_autonomous_chain_execution_boundaries" name="test_companion_execution_context_reports_waiting_executor" time="0.001" /><testcase classname="tests.test_autonomous_chain_execution_boundaries" name="test_assist_delegate_creates_canonical_task_link" time="0.001" /><testcase classname="tests.test_autonomous_chain_execution_boundaries" name="test_assist_api_b_to_employee_finish_and_reconcile" time="0.072" /><testcase classname="tests.test_autonomous_chain_execution_boundaries" name="test_employee_result_recovery_routes_assist_result_to_user_without_mem" time="0.002" /><testcase classname="tests.test_autonomous_chain_execution_boundaries" name="test_employee_result_recovery_routes_auto_result_through_mem_review" time="0.002" /><testcase classname="tests.test_autonomous_chain_execution_boundaries" name="test_employee_result_recovery_uses_current_mode_over_stale_task_hint" time="0.002" /><testcase classname="tests.test_autonomous_chain_execution_boundaries" name="test_recurring_assist_schedule_rotates_canonical_task" time="0.098" /><testcase classname="tests.test_autonomous_chain_execution_boundaries" name="test_finish_rejects_a_writeback_after_the_scheduled_lease_expires" time="0.042" /><testcase classname="tests.test_autonomous_chain_execution_boundaries" name="test_supervisor_claim_attaches_the_canonical_autonomous_lease" time="0.033" /><testcase classname="tests.test_autonomous_chain_planning_service" name="test_planning_service_creates_tasks_with_normalized_metadata" time="0.002" /><testcase classname="tests.test_autonomous_chain_planning_service" name="test_planning_service_serializes_judgement_preview_without_supervisor" time="0.001" /><testcase classname="tests.test_autonomous_chain_recovery_service" name="test_recovery_service_owns_mem_projection_recovery" time="0.028" /><testcase classname="tests.test_autonomous_employee_dispatch_service" name="test_dispatch_creates_idempotent_employee_assignment" time="0.002" /><testcase classname="tests.test_autonomous_employee_dispatch_service" name="test_reconcile_projects_employee_run_back_to_task" time="0.002" /><testcase classname="tests.test_autonomous_employee_dispatch_service" name="test_reconcile_returns_auto_employee_result_to_supervisor_without_memory_access" time="0.002" /><testcase classname="tests.test_autonomous_employee_dispatch_service" name="test_reconcile_repairs_approved_task_without_employee_assignment" time="0.002" /><testcase classname="tests.test_autonomous_employee_dispatch_service" name="test_reconcile_migrates_reconciling_task_before_repairing_assignment" time="0.002" /><testcase classname="tests.test_autonomous_employee_dispatch_service" name="test_reconcile_recovers_approved_task_with_terminal_legacy_run" time="0.002" /><testcase classname="tests.test_autonomous_employee_dispatch_service" name="test_reconcile_does_not_run_body_review_for_learning_task" time="0.004" /><testcase classname="tests.test_autonomous_employee_dispatch_service" name="test_body_improvement_result_requires_lineage_verification_and_lease" time="0.001" /><testcase classname="tests.test_autonomous_employee_dispatch_service" name="test_reconcile_rejects_body_completion_without_evidence" time="0.002" /><testcase classname="tests.test_autonomous_employee_dispatch_service" name="test_reconcile_runs_governed_body_review_before_completion" time="0.002" /><testcase classname="tests.test_autonomous_employee_dispatch_service" name="test_reconcile_rejects_body_completion_when_governed_review_rejects" time="0.003" /><testcase classname="tests.test_autonomous_execution_lease" name="test_concurrent_claim_has_one_winner_and_one_generation_increment" time="0.020" /><testcase classname="tests.test_autonomous_execution_lease" name="test_old_attempt_is_rejected_after_same_session_reclaims" time="0.030" /><testcase classname="tests.test_autonomous_execution_lease" name="test_expired_active_lease_is_rejected" time="0.025" /><testcase classname="tests.test_autonomous_execution_lease" name="test_repeated_terminal_writeback_for_same_lease_is_idempotent" time="0.024" /><testcase classname="tests.test_autonomous_execution_lease" name="test_two_store_instances_do_not_lose_concurrent_creates" time="0.016" /><testcase classname="tests.test_autonomous_execution_lease" name="test_legacy_snapshot_migrates_to_unclaimed_generation_zero" time="0.009" /><testcase classname="tests.test_autonomous_learning_quality" name="test_exploratory_quality_requires_recorded_web_evidence" time="0.001" /><testcase classname="tests.test_autonomous_learning_quality" name="test_local_quality_requires_recorded_read_only_inspection" time="0.000" /><testcase classname="tests.test_autonomous_learning_quality" name="test_failed_turn_has_no_learning_quality" time="0.000" /><testcase classname="tests.test_autonomous_panel_render_ports" name="test_panel_fragments_use_explicit_render_ports" time="0.000" /><testcase classname="tests.test_autonomous_panel_render_ports" name="test_panel_events_use_explicit_event_ports" time="0.000" /><testcase classname="tests.test_autonomous_panel_render_ports" name="test_companion_completion_keeps_shared_panel_visible_temporarily" time="0.000" /><testcase classname="tests.test_autonomous_panel_render_ports" name="test_panel_fits_a_narrow_terminal_without_forcing_a_minimum_width" time="0.000" /><testcase classname="tests.test_autonomous_status_host" name="test_supervisor_restart_clears_stale_local_auto_gate" time="0.001" /><testcase classname="tests.test_autonomous_status_host" name="test_supervisor_auto_mode_does_not_clear_local_gate" time="0.001" /><testcase classname="tests.test_autonomous_status_host" name="test_supervisor_auto_mode_restores_local_scheduler_after_cli_restart" time="0.001" /><testcase classname="tests.test_autonomous_status_host" name="test_refresh_supervisor_status_starts_background_fetch" time="0.001" /><testcase classname="tests.test_autonomous_status_host" name="test_failed_supervisor_refresh_keeps_last_valid_snapshot" time="0.001" /><testcase classname="tests.test_autonomous_status_host" name="test_supervisor_refresh_accepts_slow_authoritative_ui_snapshot" time="0.001" /><testcase classname="tests.test_autonomous_task_memory_promotion_service" name="test_failed_execution_cannot_enter_memory_promotion" time="0.002" /><testcase classname="tests.test_autonomous_task_memory_promotion_service" name="test_completed_unverified_learning_records_final_response_without_promotion[self_learning-expected_topics0]" time="0.002" /><testcase classname="tests.test_autonomous_task_memory_promotion_service" name="test_completed_unverified_learning_records_final_response_without_promotion[endogenous_drive-expected_topics1]" time="0.002" /><testcase classname="tests.test_autonomous_task_review" name="test_decision_normalization_is_owned_by_the_pure_policy" time="0.000" /><testcase classname="tests.test_autonomous_task_review" name="test_body_improvement_waits_for_learning_before_quality_gate" time="0.000" /><testcase classname="tests.test_autonomous_task_review" name="test_body_improvement_quality_gate_is_deterministic_without_supervisor" time="0.000" /><testcase classname="tests.test_autonomous_task_review" name="test_learning_quality_score_uses_explicit_time_input" time="0.000" /><testcase classname="tests.test_autonomous_task_review" name="test_learning_quality_score_rejects_missing_quality" time="0.000" /><testcase classname="tests.test_autonomous_task_review" name="test_body_improvement_fallback_reads_completed_learning_history" time="0.001" /><testcase classname="tests.test_autonomous_task_review" name="test_body_improvement_rejects_forged_evaluation_binding" time="0.000" /><testcase classname="tests.test_autonomous_task_review_cycle_service" name="test_existing_assignment_does_not_starve_next_new_dispatch[False]" time="0.003" /><testcase classname="tests.test_autonomous_task_review_cycle_service" name="test_existing_assignment_does_not_starve_next_new_dispatch[True]" time="0.002" /><testcase classname="tests.test_autonomous_task_review_service" name="test_review_service_runs_through_explicit_ports" time="0.017" /><testcase classname="tests.test_autonomous_task_state" name="test_state_service_owns_mutations_and_governance_events" time="0.025" /><testcase classname="tests.test_autonomous_task_state" name="test_store_finalize_execution_rejects_failed_completed_outcome" time="0.019" /><testcase classname="tests.test_autonomous_task_state_machine" name="test_autonomous_task_state_machine_allows_normal_execution_path" time="0.001" /><testcase classname="tests.test_autonomous_task_state_machine" name="test_autonomous_task_state_machine_rejects_terminal_reopen" time="0.001" /><testcase classname="tests.test_autonomous_task_state_machine" name="test_transition_carries_required_cross_system_evidence" time="0.001" /><testcase classname="tests.test_autonomous_task_state_machine" name="test_completed_task_rejects_failed_execution_outcome" time="0.000" /><testcase classname="tests.test_autonomous_task_state_machine" name="test_completed_task_allows_async_memory_queue" time="0.000" /><testcase classname="tests.test_autonomous_ui_projection" name="test_dispatched_auto_task_reports_stale_employee_executor" time="0.001" /><testcase classname="tests.test_autonomous_ui_projection" name="test_dispatched_auto_task_reports_ready_with_live_employee_executor" time="0.001" /><testcase classname="tests.test_auxiliary_call_policy" name="test_auxiliary_client_factory_normalizes_endpoint_without_changing_path" time="0.000" /><testcase classname="tests.test_auxiliary_call_policy" name="test_sync_call_retries_rejected_max_tokens_with_completion_limit" time="0.000" /><testcase classname="tests.test_auxiliary_call_policy" name="test_async_call_retries_rejected_max_tokens_with_completion_limit" time="0.002" /><testcase classname="tests.test_auxiliary_call_policy" name="test_missing_token_limit_does_not_create_a_none_retry" time="0.001" /><testcase classname="tests.test_auxiliary_call_policy" name="test_async_resolution_receives_live_main_runtime" time="0.006" /><testcase classname="tests.test_auxiliary_call_policy" name="test_vision_target_uses_the_client_resolved_by_vision_router" time="0.003" /><testcase classname="tests.test_auxiliary_call_policy" name="test_explicit_provider_resolution_never_enters_auto" time="0.001" /><testcase classname="tests.test_auxiliary_call_policy" name="test_explicit_provider_transport_error_never_falls_back" time="0.001" /><testcase classname="tests.test_auxiliary_call_policy" name="test_sync_and_async_auto_fallback_share_route_and_request" time="0.003" /><testcase classname="tests.test_auxiliary_call_policy" name="test_active_provider_is_inferred_from_url_objects" time="0.001" /><testcase classname="tests.test_auxiliary_call_policy" name="test_fallback_skips_the_failed_provider_chain_entry" time="0.001" /><testcase classname="tests.test_auxiliary_call_policy" name="test_fallback_skips_retired_candidate_and_continues" time="0.003" /><testcase classname="tests.test_auxiliary_call_policy" name="test_target_rejects_an_empty_resolved_model" time="0.001" /><testcase classname="tests.test_auxiliary_call_policy" name="test_task_routes_only_use_explicit_arguments_or_auxiliary_config" time="0.001" /><testcase classname="tests.test_auxiliary_infrastructure" name="test_auxiliary_cache_reuses_client_and_preserves_runtime_key" time="0.000" /><testcase classname="tests.test_auxiliary_infrastructure" name="test_vision_policy_uses_active_provider_before_fallback" time="0.000" /><testcase classname="tests.test_body_execution_readiness" name="test_directory_copy_requires_code_files_and_consistent_manifest" time="0.087" /><testcase classname="tests.test_body_execution_readiness" name="test_git_worktree_requires_resolvable_head" time="0.546" /><testcase classname="tests.test_body_execution_readiness" name="test_endogenous_projection_blocks_empty_body_baseline" time="0.049" /><testcase classname="tests.test_body_registry" name="test_source_and_state_roots_are_independent" time="0.700" /><testcase classname="tests.test_body_registry" name="test_initialize_layout_bootstraps_dual_slots" time="0.723" /><testcase classname="tests.test_body_registry" name="test_registry_manager_reuses_cached_registry_and_slot_meta_reads" time="0.716" /><testcase classname="tests.test_body_registry" name="test_inspect_layout_reads_head_change_audit_without_writing_or_reverting" time="3.158" /><testcase classname="tests.test_body_registry" name="test_head_change_audit_cache_reuses_parsed_events" time="0.770" /><testcase classname="tests.test_body_registry" name="test_initialize_layout_repairs_unmaterialized_active_slot" time="1.233" /><testcase classname="tests.test_body_registry" name="test_initialize_layout_refuses_to_clear_dirty_invalid_git_worktree" time="2.773" /><testcase classname="tests.test_body_registry" name="test_initialize_layout_refuses_to_replace_clean_evolved_git_commit" time="3.381" /><testcase classname="tests.test_body_registry" name="test_default_materialization_rejects_missing_active_baseline" time="0.888" /><testcase classname="tests.test_body_registry" name="test_initialize_layout_preserves_in_progress_probe_state" time="1.081" /><testcase classname="tests.test_body_registry" name="test_inspect_layout_reports_healthy_initialized_registry" time="0.716" /><testcase classname="tests.test_body_registry" name="test_inspect_layout_reports_dirty_git_worktree_without_reverting_changes" time="2.649" /><testcase classname="tests.test_body_registry" name="test_inspect_layout_reports_manifest_and_pointer_corruption" time="0.663" /><testcase classname="tests.test_body_registry" name="test_probe_to_active_switch_retires_previous_active" time="0.981" /><testcase classname="tests.test_body_registry" name="test_activate_slot_records_active_ref_and_commit" time="0.991" /><testcase classname="tests.test_body_registry" name="test_body_switch_does_not_bind_or_validate_mem" time="0.904" /><testcase classname="tests.test_body_registry" name="test_body_switch_accepts_candidate_without_a_body_mem_package" time="0.934" /><testcase classname="tests.test_body_registry" name="test_candidate_slot_records_git_lineage_metadata" time="0.934" /><testcase classname="tests.test_body_registry" name="test_candidate_slot_auto_records_git_head_when_lineage_is_not_provided" time="3.606" /><testcase classname="tests.test_body_registry" name="test_candidate_slot_auto_records_changed_files_from_git_diff" time="2.627" /><testcase classname="tests.test_body_registry" name="test_recycle_retired_slot_returns_it_to_shell" time="3.655" /><testcase classname="tests.test_body_registry" name="test_recycle_retired_slot_can_sync_from_stable_slot" time="1.763" /><testcase classname="tests.test_body_registry" name="test_illegal_transition_is_rejected" time="0.662" /><testcase classname="tests.test_body_registry" name="test_prepare_slot_workspace_copies_repo_template_and_bootstraps_runtime" time="1.020" /><testcase classname="tests.test_body_registry" name="test_prepare_slot_workspace_resets_stale_non_active_baseline_metadata" time="1.091" /><testcase classname="tests.test_body_registry" name="test_prepare_slot_workspace_restores_head_and_metadata_when_manifest_write_fails" time="3.931" /><testcase classname="tests.test_body_registry" name="test_prepare_slot_workspace_repairs_registered_worktree_with_git_directory" time="3.128" /><testcase classname="tests.test_body_registry" name="test_abandon_candidate_restores_clean_shell_baseline" time="4.895" /><testcase classname="tests.test_body_registry" name="test_prepare_slot_workspace_can_clone_from_active_slot_worktree" time="1.268" /><testcase classname="tests.test_body_registry" name="test_materialize_evaluated_candidate_commit_into_shell_worktree" time="4.256" /><testcase classname="tests.test_body_registry" name="test_materialize_evaluated_candidate_rejects_dirty_or_wrong_baseline" time="3.141" /><testcase classname="tests.test_body_registry" name="test_materialize_candidate_restores_head_and_metadata_when_manifest_write_fails" time="3.767" /><testcase classname="tests.test_body_registry" name="test_active_body_pointer_tracks_current_active_slot" time="1.538" /><testcase classname="tests.test_body_registry" name="test_restore_previous_healthy_commit_requires_clean_isolated_worktree" time="4.504" /><testcase classname="tests.test_body_registry" name="test_activate_slot_records_stable_window_settings" time="1.018" /><testcase classname="tests.test_body_registry" name="test_activate_slot_can_record_runtime_task_profile" time="1.042" /><testcase classname="tests.test_body_runtime_migration" name="test_migration_rewrites_paths_and_supports_switch_and_rollback" time="0.545" /><testcase classname="tests.test_body_runtime_migration" name="test_migration_refuses_canonical_and_legacy_conflict" time="0.021" /><testcase classname="tests.test_body_runtime_migration" name="test_migration_refuses_incomplete_legacy_bundle" time="0.006" /><testcase classname="tests.test_body_runtime_migration" name="test_corrupt_body_state_is_not_published_or_deleted" time="0.067" /><testcase classname="tests.test_body_runtime_migration" name="test_migration_repairs_linked_git_worktree_registration" time="0.897" /><testcase classname="tests.test_body_runtime_migration" name="test_default_supervisor_migrates_body_before_registry_initialization" time="0.262" /><testcase classname="tests.test_body_runtime_migration" name="test_explicit_body_state_root_never_migrates_project_legacy_state" time="0.732" /><testcase classname="tests.test_body_runtime_migration" name="test_body_state_environment_override_wins_over_canonical_default" time="0.004" /><testcase classname="tests.test_browser_account_credentials" name="test_local_browser_injects_saved_cookies_once" time="0.001" /><testcase classname="tests.test_browser_account_credentials" name="test_cloud_browser_never_receives_saved_cookies" time="0.000" /><testcase classname="tests.test_browser_account_credentials" name="test_npx_browser_fallback_preserves_windows_path" time="0.005" /><testcase classname="tests.test_chat_block_commands" name="test_find_command_reports_usage_and_hits" time="0.003" /><testcase classname="tests.test_chat_block_commands" name="test_export_command_writes_json_and_handles_invalid_format" time="0.003" /><testcase classname="tests.test_chat_block_exports" name="test_search_matches_tool_arguments_and_limits_results" time="0.000" /><testcase classname="tests.test_chat_block_exports" name="test_json_export_redacts_sensitive_keys_and_values" time="0.005" /><testcase classname="tests.test_chat_block_exports" name="test_export_rejects_oversized_payload" time="0.003" /><testcase classname="tests.test_chat_block_store" name="test_store_correlates_turn_stream_and_tool_lifecycle" time="0.001" /><testcase classname="tests.test_chat_block_store" name="test_store_keeps_orphaned_tool_result_and_resets_session" time="0.000" /><testcase classname="tests.test_chat_block_store" name="test_store_repeated_deltas_update_one_assistant_block" time="0.000" /><testcase classname="tests.test_chat_block_store" name="test_store_does_not_duplicate_repeated_tool_events" time="0.000" /><testcase classname="tests.test_chat_block_store" name="test_store_ignores_late_events_from_another_session" time="0.000" /><testcase classname="tests.test_chat_block_store" name="test_store_keeps_full_tool_result_and_artifact_metadata" time="0.000" /><testcase classname="tests.test_chat_block_store" name="test_store_hydrates_resumed_history_in_turn_order" time="0.000" /><testcase classname="tests.test_chat_response_runtime" name="test_response_runtime_renders_bounded_reasoning_and_panel" time="0.001" /><testcase classname="tests.test_chat_response_runtime" name="test_response_runtime_skips_panel_for_streamed_response_or_quiet_host" time="0.000" /><testcase classname="tests.test_chat_transport" name="test_transport_runtime_owns_direct_chat_completion_calls" time="0.001" /><testcase classname="tests.test_chat_transport" name="test_non_streaming_request_uses_and_closes_worker_client" time="0.001" /><testcase classname="tests.test_chat_transport" name="test_stream_assembles_response_and_emits_updates" time="0.001" /><testcase classname="tests.test_chat_transport" name="test_stream_transport_respects_per_request_timeout" time="0.001" /><testcase classname="tests.test_chat_transport" name="test_unsupported_stream_falls_back_to_non_streaming" time="0.001" /><testcase classname="tests.test_chat_transport" name="test_transient_stream_failure_rebuilds_and_retries" time="0.001" /><testcase classname="tests.test_chat_transport" name="test_retry_survives_observer_and_primary_rebuild_errors" time="0.001" /><testcase classname="tests.test_chat_transport" name="test_partial_visible_stream_returns_stub_without_retry" time="0.001" /><testcase classname="tests.test_chat_transport" name="test_preexisting_interrupt_does_not_create_a_client" time="0.000" /><testcase classname="tests.test_chat_transport" name="test_stale_stream_closes_request_and_retries" time="0.023" /><testcase classname="tests.test_chat_transport" name="test_stream_read_timeout_is_raised_above_the_stale_watchdog" time="0.001" /><testcase classname="tests.test_chat_transport" name="test_stream_read_timeout_keeps_explicit_budget_upper_bound" time="0.001" /><testcase classname="tests.test_chat_transport" name="test_invalid_transport_environment_values_use_defaults" time="0.001" /><testcase classname="tests.test_checkpoint_outcomes" name="test_disabled_checkpoint_is_structured_skip" time="0.003" /><testcase classname="tests.test_checkpoint_outcomes" name="test_failed_checkpoint_can_be_retried" time="0.003" /><testcase classname="tests.test_ci_test_gate" name="test_ci_gate_runs_full_pytest_with_thirty_minute_timeout" time="0.000" /><testcase classname="tests.test_ci_test_gate" name="test_ci_gate_rejects_shorter_timeout" time="0.000" /><testcase classname="tests.test_ci_test_gate" name="test_ci_gate_returns_standard_timeout_exit_code" time="0.001" /><testcase classname="tests.test_ci_test_gate" name="test_root_and_mem_packages_are_fixed_to_python_314" time="0.002" /><testcase classname="tests.test_cli_agent_initialization_runtime" name="test_agent_initialization_runtime_forwards_runtime_and_host_ports" time="0.001" /><testcase classname="tests.test_cli_agent_turn_call_runtime" name="test_agent_turn_call_runtime_projects_note_voice_and_trace_inputs" time="0.001" /><testcase classname="tests.test_cli_agent_turn_call_runtime" name="test_agent_turn_call_passes_native_attachment_metadata_to_agent" time="0.001" /><testcase classname="tests.test_cli_agent_turn_call_runtime" name="test_agent_turn_call_runtime_returns_normalized_error_result" time="0.000" /><testcase classname="tests.test_cli_application_runtime" name="test_application_runtime_waits_and_tears_down_in_order" time="0.000" /><testcase classname="tests.test_cli_application_runtime" name="test_application_runtime_preserves_unusable_stdin_fallback" time="0.000" /><testcase classname="tests.test_cli_application_runtime" name="test_application_runtime_does_not_teardown_after_stdin_preflight_failure" time="0.000" /><testcase classname="tests.test_cli_attachments" name="test_split_path_input_supports_quoted_and_escaped_spaces" time="0.000" /><testcase classname="tests.test_cli_attachments" name="test_resolve_attachment_path_uses_terminal_cwd" time="0.004" /><testcase classname="tests.test_cli_attachments" name="test_detect_file_drop_accepts_platform_absolute_path" time="0.004" /><testcase classname="tests.test_cli_attachments" name="test_collect_query_images_deduplicates_drop_and_explicit_argument" time="0.004" /><testcase classname="tests.test_cli_attachments" name="test_collect_query_images_rejects_non_image_argument" time="0.004" /><testcase classname="tests.test_cli_attachments" name="test_attachment_badges_adapt_to_terminal_width" time="0.000" /><testcase classname="tests.test_cli_attachments" name="test_attachment_badges_truncate_wide_filenames_by_display_width" time="0.000" /><testcase classname="tests.test_cli_attachments" name="test_clipboard_auto_attach_requires_image_only_paste" time="0.000" /><testcase classname="tests.test_cli_attachments" name="test_termux_example_path_is_always_posix" time="0.000" /><testcase classname="tests.test_cli_attachments" name="test_paste_handler_stops_before_clipboard_check_on_termux" time="0.000" /><testcase classname="tests.test_cli_attachments" name="test_paste_handler_projects_clipboard_outcomes[False-False-no image]" time="0.001" /><testcase classname="tests.test_cli_attachments" name="test_paste_handler_projects_clipboard_outcomes[True-False-extraction failed]" time="0.000" /><testcase classname="tests.test_cli_attachments" name="test_paste_handler_projects_clipboard_outcomes[True-True-  \U0001f4ce Image #3 attached from clipboard]" time="0.000" /><testcase classname="tests.test_cli_attachments" name="test_image_handler_projects_platform_usage_hint[False-/path/to/image.png]" time="0.000" /><testcase classname="tests.test_cli_attachments" name="test_image_handler_projects_platform_usage_hint[True-~/storage/shared/Pictures/cat.png]" time="0.000" /><testcase classname="tests.test_cli_attachments" name="test_image_handler_rejects_missing_and_unsupported_files" time="0.001" /><testcase classname="tests.test_cli_attachments" name="test_image_handler_attaches_path_and_preserves_trailing_prompt_case" time="0.000" /><testcase classname="tests.test_cli_attachments" name="test_image_handler_projects_termux_followup_for_attached_image" time="0.000" /><testcase classname="tests.test_cli_attachments" name="test_attachment_handler_accepts_audio_and_video_paths" time="0.003" /><testcase classname="tests.test_cli_background_response_runtime" name="test_background_response_runtime_renders_success_panel_and_prompt_preview" time="0.001" /><testcase classname="tests.test_cli_background_response_runtime" name="test_background_response_runtime_renders_failure_without_panel" time="0.000" /><testcase classname="tests.test_cli_btw_runtime" name="test_btw_runtime_runs_ephemeral_agent_and_renders_response" time="0.000" /><testcase classname="tests.test_cli_btw_runtime" name="test_btw_runtime_handles_empty_response_and_failure" time="0.000" /><testcase classname="tests.test_cli_btw_runtime" name="test_btw_runtime_rejects_missing_credentials_before_route_or_thread" time="0.000" /><testcase classname="tests.test_cli_chat_finalization_runtime" name="test_chat_finalization_renders_response" time="0.000" /><testcase classname="tests.test_cli_chat_render_state" name="test_reset_stream_preserves_turn_level_reasoning_history" time="0.000" /><testcase classname="tests.test_cli_chat_render_state" name="test_begin_turn_resets_stream_and_turn_level_reasoning_history" time="0.000" /><testcase classname="tests.test_cli_chat_render_state" name="test_hidden_stream_updates_started_state_and_boundary_resets_it" time="0.000" /><testcase classname="tests.test_cli_chat_stream_processor" name="test_plain_text_is_emitted_and_partial_open_tag_is_held_across_chunks" time="0.000" /><testcase classname="tests.test_cli_chat_stream_processor" name="test_reasoning_segments_are_ordered_between_visible_text_segments" time="0.000" /><testcase classname="tests.test_cli_chat_stream_processor" name="test_reasoning_tag_mentioned_mid_line_remains_visible_text" time="0.000" /><testcase classname="tests.test_cli_chat_stream_processor" name="test_end_of_stream_recovers_partial_or_unclosed_tag_content" time="0.000" /><testcase classname="tests.test_cli_chat_stream_processor" name="test_preview_drain_respects_width_and_preserves_remainder" time="0.000" /><testcase classname="tests.test_cli_chat_stream_processor" name="test_text_and_reasoning_line_buffers_have_explicit_flushes" time="0.001" /><testcase classname="tests.test_cli_chat_stream_processor" name="test_cli_stream_delta_delegates_to_renderer" time="0.001" /><testcase classname="tests.test_cli_chat_stream_renderer" name="test_reasoning_box_is_closed_before_deferred_response_box" time="0.002" /><testcase classname="tests.test_cli_chat_stream_renderer" name="test_intermediate_boundary_flushes_and_resets_stream_not_turn_history" time="0.000" /><testcase classname="tests.test_cli_chat_stream_renderer" name="test_hidden_renderer_tracks_delivery_without_emitting_output" time="0.001" /><testcase classname="tests.test_cli_chat_stream_renderer" name="test_reasoning_preview_is_bounded_unless_verbose" time="0.000" /><testcase classname="tests.test_cli_chat_stream_renderer" name="test_closed_code_fence_is_emitted_once_with_highlighting" time="0.021" /><testcase classname="tests.test_cli_chat_stream_renderer" name="test_unclosed_code_fence_falls_back_to_literal_text" time="0.001" /><testcase classname="tests.test_cli_clear_command_adapter" name="test_clear_display_uses_compact_banner_for_compact_or_narrow_tui[True-120]" time="0.001" /><testcase classname="tests.test_cli_clear_command_adapter" name="test_clear_display_uses_compact_banner_for_compact_or_narrow_tui[False-79]" time="0.000" /><testcase classname="tests.test_cli_clear_command_adapter" name="test_clear_display_projects_full_tui_banner_from_snapshot" time="0.001" /><testcase classname="tests.test_cli_clear_command_adapter" name="test_clear_display_uses_standalone_banner_without_tui_clear" time="0.000" /><testcase classname="tests.test_cli_command_availability_runtime" name="test_command_availability_projects_only_fast_capability" time="0.000" /><testcase classname="tests.test_cli_command_availability_runtime" name="test_command_availability_tracks_dynamic_model_callback" time="0.000" /><testcase classname="tests.test_cli_command_execution" name="test_builtin_table_is_complete_and_contains_no_removed_commands" time="0.000" /><testcase classname="tests.test_cli_command_execution" name="test_retired_cron_integration_has_no_active_runtime_or_config_surface" time="0.005" /><testcase classname="tests.test_cli_command_execution" name="test_every_discoverable_cli_builtin_has_an_execution_spec" time="0.000" /><testcase classname="tests.test_cli_command_execution" name="test_every_cli_builtin_is_present_in_the_command_catalog" time="0.000" /><testcase classname="tests.test_cli_command_execution" name="test_executor_distinguishes_exit_builtin_and_dynamic_command" time="0.000" /><testcase classname="tests.test_cli_command_execution" name="test_executor_uses_registered_handler_for_tools_commands" time="0.000" /><testcase classname="tests.test_cli_command_execution" name="test_cli_process_routes_help_through_display_handler" time="0.000" /><testcase classname="tests.test_cli_command_execution" name="test_cli_process_routes_tools_through_explicit_ports" time="0.000" /><testcase classname="tests.test_cli_command_execution" name="test_cli_process_routes_skills_through_explicit_ports" time="0.001" /><testcase classname="tests.test_cli_command_execution" name="test_cli_process_routes_tasks_through_explicit_ports" time="0.000" /><testcase classname="tests.test_cli_command_execution" name="test_cli_process_routes_auto_commands_through_explicit_ports" time="0.000" /><testcase classname="tests.test_cli_command_execution" name="test_cli_process_routes_cancel_to_the_active_user_agent" time="0.000" /><testcase classname="tests.test_cli_command_execution" name="test_cli_rejects_session_and_model_mutations_during_active_turn[/new]" time="0.000" /><testcase classname="tests.test_cli_command_execution" name="test_cli_rejects_session_and_model_mutations_during_active_turn[/resume latest]" time="0.000" /><testcase classname="tests.test_cli_command_execution" name="test_cli_rejects_session_and_model_mutations_during_active_turn[/undo]" time="0.000" /><testcase classname="tests.test_cli_command_execution" name="test_cli_rejects_session_and_model_mutations_during_active_turn[/model]" time="0.000" /><testcase classname="tests.test_cli_command_execution" name="test_cli_process_routes_plan_through_explicit_ports" time="0.000" /><testcase classname="tests.test_cli_command_execution" name="test_cli_process_routes_background_through_explicit_ports" time="0.000" /><testcase classname="tests.test_cli_command_execution" name="test_cli_process_routes_btw_through_explicit_ports" time="0.000" /><testcase classname="tests.test_cli_command_execution" name="test_cli_process_routes_language_through_explicit_ports" time="0.000" /><testcase classname="tests.test_cli_command_execution" name="test_cli_process_routes_voice_through_explicit_ports" time="0.000" /><testcase classname="tests.test_cli_command_execution" name="test_cli_process_routes_preset_through_explicit_ports" time="0.000" /><testcase classname="tests.test_cli_command_execution" name="test_autonomous_registry_ports_reuse_existing_gate_operations" time="0.001" /><testcase classname="tests.test_cli_command_execution" name="test_cli_process_routes_usage_through_information_handler" time="0.001" /><testcase classname="tests.test_cli_command_execution" name="test_cli_process_routes_doctor_through_operation_handler" time="0.001" /><testcase classname="tests.test_cli_command_execution" name="test_cli_process_routes_debug_through_operation_handler" time="0.000" /><testcase classname="tests.test_cli_command_execution" name="test_cli_process_routes_reload_mcp_through_operation_handler" time="0.001" /><testcase classname="tests.test_cli_command_execution" name="test_cli_process_routes_mcp_through_explicit_ports" time="0.000" /><testcase classname="tests.test_cli_command_execution" name="test_mcp_command_ports_bind_config_storage_and_connection_probe" time="0.002" /><testcase classname="tests.test_cli_command_execution" name="test_mcp_reload_registry_ports_refresh_agent_and_persist_history" time="0.000" /><testcase classname="tests.test_cli_command_execution" name="test_cli_process_routes_browser_through_explicit_ports" time="0.000" /><testcase classname="tests.test_cli_command_execution" name="test_browser_ports_bind_environment_and_host_launch_operation" time="0.000" /><testcase classname="tests.test_cli_command_execution" name="test_debug_ports_bind_the_default_share_request" time="0.001" /><testcase classname="tests.test_cli_command_execution" name="test_cli_process_routes_api_through_operation_handler" time="0.000" /><testcase classname="tests.test_cli_command_execution" name="test_cli_process_routes_provider_through_display_handler" time="0.000" /><testcase classname="tests.test_cli_command_execution" name="test_cli_process_routes_memory_through_display_handler" time="0.000" /><testcase classname="tests.test_cli_command_execution" name="test_cli_process_routes_personality_through_mutation_handler" time="0.001" /><testcase classname="tests.test_cli_command_execution" name="test_cli_process_personality_uses_shared_config_persistence" time="0.001" /><testcase classname="tests.test_cli_command_execution" name="test_cli_process_routes_reasoning_through_runtime_ports" time="0.000" /><testcase classname="tests.test_cli_command_execution" name="test_cli_process_routes_fast_through_runtime_ports" time="0.000" /><testcase classname="tests.test_cli_command_execution" name="test_cli_process_routes_compress_through_continuation_sync_ports" time="0.000" /><testcase classname="tests.test_cli_command_execution" name="test_compression_ports_sync_host_to_the_agent_continuation_session" time="0.001" /><testcase classname="tests.test_cli_command_execution" name="test_api_command_ports_bind_only_explicit_runtime_updates" time="0.001" /><testcase classname="tests.test_cli_command_execution" name="test_verbose_explicit_mode_applies_logging_levels" time="0.001" /><testcase classname="tests.test_cli_command_execution" name="test_cli_process_routes_verbose_through_explicit_mode_handler" time="0.000" /><testcase classname="tests.test_cli_command_execution" name="test_busy_lifecycle_restores_nested_and_exceptional_state" time="0.001" /><testcase classname="tests.test_cli_command_execution" name="test_busy_spec_wraps_handler_and_restores_state" time="0.001" /><testcase classname="tests.test_cli_command_execution" name="test_cli_process_uses_execution_table_for_quit" time="0.000" /><testcase classname="tests.test_cli_command_execution" name="test_cli_process_keeps_unknown_command_from_raising" time="0.007" /><testcase classname="tests.test_cli_command_execution" name="test_cli_process_uses_execution_table_for_queue" time="0.000" /><testcase classname="tests.test_cli_command_execution" name="test_cli_process_routes_resume_through_registry_and_shared_use_case" time="0.000" /><testcase classname="tests.test_cli_command_execution" name="test_cli_process_bare_resume_defaults_to_first_recent_session" time="0.000" /><testcase classname="tests.test_cli_command_execution" name="test_cli_process_routes_branch_through_registry_with_runtime_snapshot" time="0.001" /><testcase classname="tests.test_cli_command_execution" name="test_cli_process_routes_new_through_shared_session_transition" time="0.001" /><testcase classname="tests.test_cli_command_execution" name="test_cli_process_routes_clear_transition_before_tui_display" time="0.001" /><testcase classname="tests.test_cli_command_execution" name="test_cli_process_projects_plugin_manager_dict_values" time="0.001" /><testcase classname="tests.test_cli_command_execution" name="test_cli_process_routes_image_arguments_to_host_attachment_state" time="0.000" /><testcase classname="tests.test_cli_command_execution" name="test_cli_approval_choices_only_expose_implemented_decisions" time="0.000" /><testcase classname="tests.test_cli_command_execution" name="test_cli_applies_shared_session_state_through_public_agent_port" time="0.000" /><testcase classname="tests.test_cli_command_execution" name="test_cli_reuses_one_shared_hydration_result" time="0.000" /><testcase classname="tests.test_cli_command_execution" name="test_cli_history_mutation_updates_agent_cursor_and_hydration" time="0.000" /><testcase classname="tests.test_cli_command_execution" name="test_cli_process_routes_rollback_through_registry_then_shared_undo" time="0.001" /><testcase classname="tests.test_cli_command_execution" name="test_cli_process_routes_config_through_display_handler" time="0.004" /><testcase classname="tests.test_cli_command_execution" name="test_cli_process_routes_status_through_display_handler" time="0.000" /><testcase classname="tests.test_cli_command_execution" name="test_cli_process_status_argument_saves_startup_history_limit" time="0.000" /><testcase classname="tests.test_cli_command_handlers" name="test_autonomous_handlers_delegate_focus_and_deactivation_without_runtime_host" time="0.000" /><testcase classname="tests.test_cli_command_handlers" name="test_background_handler_validates_prompt_and_starts_shared_operation" time="0.000" /><testcase classname="tests.test_cli_command_handlers" name="test_btw_handler_validates_question_and_starts_ephemeral_operation" time="0.000" /><testcase classname="tests.test_cli_command_handlers" name="test_language_handler_renders_status_and_preserves_locale_operations" time="0.001" /><testcase classname="tests.test_cli_command_handlers" name="test_language_handler_updates_locale_and_reports_persistence_status" time="0.001" /><testcase classname="tests.test_cli_command_handlers" name="test_voice_handler_dispatches_runtime_operations_and_tts_status_or_speak" time="0.001" /><testcase classname="tests.test_cli_command_handlers" name="test_voice_handler_dispatches_supervisor_target_and_sessions" time="0.000" /><testcase classname="tests.test_cli_command_handlers" name="test_voice_handler_dispatches_help" time="0.000" /><testcase classname="tests.test_cli_command_handlers" name="test_voice_handler_reports_unknown_subcommand" time="0.000" /><testcase classname="tests.test_cli_command_handlers" name="test_verbose_handler_requires_explicit_mode_and_reports_status" time="0.000" /><testcase classname="tests.test_cli_command_handlers" name="test_preset_handler_renders_catalog_and_rejects_unavailable_execution" time="0.000" /><testcase classname="tests.test_cli_command_handlers" name="test_plan_handler_uses_shared_skill_message_and_workspace_relative_target" time="0.001" /><testcase classname="tests.test_cli_command_handlers" name="test_plan_handler_reports_missing_skill_or_queue_without_enqueuing" time="0.000" /><testcase classname="tests.test_cli_command_handlers" name="test_tools_handler_projects_catalog_lists_configuration_and_resets_after_change" time="0.000" /><testcase classname="tests.test_cli_command_handlers" name="test_tools_handler_rejects_missing_targets_without_mutation" time="0.000" /><testcase classname="tests.test_cli_command_handlers" name="test_skills_handler_projects_catalog_and_refreshes_after_mutations" time="0.000" /><testcase classname="tests.test_cli_command_handlers" name="test_skills_handler_rejects_missing_names_and_operation_failures" time="0.000" /><testcase classname="tests.test_cli_command_handlers" name="test_queue_handler_uses_explicit_ports_and_preserves_argument_case" time="0.000" /><testcase classname="tests.test_cli_command_handlers" name="test_queue_handler_rejects_empty_payload_without_enqueueing" time="0.000" /><testcase classname="tests.test_cli_command_handlers" name="test_statusbar_handler_toggles_only_through_explicit_ports" time="0.000" /><testcase classname="tests.test_cli_command_handlers" name="test_config_display_handler_projects_runtime_snapshot_without_mutation" time="0.004" /><testcase classname="tests.test_cli_command_handlers" name="test_toolsets_display_handler_marks_enabled_toolsets_and_uses_text_ports" time="0.000" /><testcase classname="tests.test_cli_command_handlers" name="test_tools_catalog_handler_groups_sorts_and_shortens_descriptions" time="0.000" /><testcase classname="tests.test_cli_command_handlers" name="test_tools_catalog_handler_reports_empty_catalog" time="0.000" /><testcase classname="tests.test_cli_command_handlers" name="test_help_display_handler_filters_commands_and_sorts_skills" time="0.001" /><testcase classname="tests.test_cli_command_handlers" name="test_help_display_handler_uses_the_termux_attachment_tip" time="0.000" /><testcase classname="tests.test_cli_command_handlers" name="test_provider_display_handler_projects_active_provider_models_and_usage" time="0.000" /><testcase classname="tests.test_cli_command_handlers" name="test_memory_display_handler_projects_mem_status_without_setup_operations" time="0.000" /><testcase classname="tests.test_cli_command_handlers" name="test_personality_handler_applies_structured_prompt_persists_and_resets_agent" time="0.000" /><testcase classname="tests.test_cli_command_handlers" name="test_personality_handler_clears_lists_and_reports_unknown_without_mutation" time="0.000" /><testcase classname="tests.test_cli_command_handlers" name="test_reasoning_handler_reports_state_and_updates_display_or_effort" time="0.000" /><testcase classname="tests.test_cli_command_handlers" name="test_fast_handler_gates_status_and_service_tier_mutations" time="0.001" /><testcase classname="tests.test_cli_command_handlers" name="test_compression_handler_checks_preconditions_and_syncs_agent_continuation" time="0.000" /><testcase classname="tests.test_cli_command_handlers" name="test_compression_handler_reports_disabled_agent_and_operation_errors" time="0.000" /><testcase classname="tests.test_cli_command_handlers" name="test_usage_handler_reports_missing_agent_or_api_calls" time="0.000" /><testcase classname="tests.test_cli_command_handlers" name="test_doctor_handler_delegates_the_diagnostic_operation_through_a_port" time="0.000" /><testcase classname="tests.test_cli_command_handlers" name="test_api_handler_delegates_the_configuration_wizard_through_a_port" time="0.000" /><testcase classname="tests.test_cli_command_handlers" name="test_debug_handler_delegates_debug_report_sharing_through_a_port" time="0.000" /><testcase classname="tests.test_cli_command_handlers" name="test_reload_mcp_handler_delegates_to_the_shared_runtime_operation" time="0.000" /><testcase classname="tests.test_cli_command_handlers" name="test_mcp_reload_operation_projects_changes_refreshes_and_persists" time="0.000" /><testcase classname="tests.test_cli_command_handlers" name="test_mcp_handler_lists_mutates_and_tests_servers_through_ports" time="0.000" /><testcase classname="tests.test_cli_command_handlers" name="test_mcp_handler_reports_usage_missing_server_and_probe_failure" time="0.000" /><testcase classname="tests.test_cli_command_handlers" name="test_browser_handler_connects_and_notifies_the_agent_after_launch" time="0.000" /><testcase classname="tests.test_cli_command_handlers" name="test_browser_handler_projects_status_disconnect_and_invalid_usage" time="0.000" /><testcase classname="tests.test_cli_command_handlers" name="test_browser_handler_reports_manual_and_custom_endpoint_fallbacks" time="0.000" /><testcase classname="tests.test_cli_command_handlers" name="test_usage_handler_projects_rate_limits_cost_and_session_snapshot" time="0.000" /><testcase classname="tests.test_cli_command_handlers" name="test_session_status_handler_uses_timestamp_fallbacks_and_idle_projection" time="0.000" /><testcase classname="tests.test_cli_command_handlers" name="test_session_status_handler_sets_startup_history_limit_only_with_valid_argument" time="0.000" /><testcase classname="tests.test_cli_command_handlers" name="test_retry_handler_requeues_original_payload_through_ports" time="0.000" /><testcase classname="tests.test_cli_command_handlers" name="test_retry_handler_stops_when_history_mutation_did_not_apply" time="0.000" /><testcase classname="tests.test_cli_command_handlers" name="test_history_handler_projects_empty_history_to_recent_sessions_then_message" time="0.000" /><testcase classname="tests.test_cli_command_handlers" name="test_history_handler_hides_tool_messages_and_preserves_user_assistant_order" time="0.001" /><testcase classname="tests.test_cli_command_handlers" name="test_save_handler_ignores_arguments_and_overwrites_default_timestamped_path" time="0.004" /><testcase classname="tests.test_cli_command_handlers" name="test_save_handler_reports_empty_history_and_write_failure" time="0.000" /><testcase classname="tests.test_cli_command_handlers" name="test_undo_handler_rolls_back_last_user_turn_and_synchronizes_adapter_state" time="0.000" /><testcase classname="tests.test_cli_command_handlers" name="test_undo_handler_keeps_history_when_no_user_turn_exists" time="0.000" /><testcase classname="tests.test_cli_command_handlers" name="test_rollback_handler_stops_before_checkpoint_operations_without_agent_or_flag" time="0.000" /><testcase classname="tests.test_cli_command_handlers" name="test_rollback_handler_lists_checkpoints_with_default_arguments" time="0.000" /><testcase classname="tests.test_cli_command_handlers" name="test_rollback_handler_handles_diff_usage_empty_invalid_and_truncation" time="0.000" /><testcase classname="tests.test_cli_command_handlers" name="test_rollback_handler_projects_diff_failure_and_no_changes" time="0.000" /><testcase classname="tests.test_cli_command_handlers" name="test_rollback_handler_restores_file_then_reuses_undo_route" time="0.000" /><testcase classname="tests.test_cli_command_handlers" name="test_rollback_handler_does_not_sync_chat_when_restore_fails" time="0.000" /><testcase classname="tests.test_cli_command_handlers" name="test_checkpoint_reference_resolution_keeps_hashes_and_requires_valid_indices" time="0.000" /><testcase classname="tests.test_cli_command_handlers" name="test_resume_handler_without_target_defaults_to_first_recent_session" time="0.000" /><testcase classname="tests.test_cli_command_handlers" name="test_resume_handler_stops_when_repository_is_unavailable" time="0.000" /><testcase classname="tests.test_cli_command_handlers" name="test_resume_handler_only_loads_recent_sessions_for_numeric_targets" time="0.000" /><testcase classname="tests.test_cli_command_handlers" name="test_resume_handler_rejects_out_of_range_index[0]" time="0.000" /><testcase classname="tests.test_cli_command_handlers" name="test_resume_handler_rejects_out_of_range_index[-1]" time="0.000" /><testcase classname="tests.test_cli_command_handlers" name="test_resume_handler_rejects_out_of_range_index[3]" time="0.000" /><testcase classname="tests.test_cli_command_handlers" name="test_resume_handler_projects_transition_errors[error0-expected0]" time="0.001" /><testcase classname="tests.test_cli_command_handlers" name="test_resume_handler_projects_transition_errors[error1-expected1]" time="0.001" /><testcase classname="tests.test_cli_command_handlers" name="test_resume_handler_applies_state_and_hydration_before_history_output" time="0.000" /><testcase classname="tests.test_cli_command_handlers" name="test_resume_handler_does_not_display_empty_history" time="0.000" /><testcase classname="tests.test_cli_command_handlers" name="test_branch_handler_rejects_empty_history_and_unavailable_repository" time="0.000" /><testcase classname="tests.test_cli_command_handlers" name="test_branch_handler_projects_transition_failure" time="0.000" /><testcase classname="tests.test_cli_command_handlers" name="test_branch_handler_preserves_title_case_and_applies_state_before_summary" time="0.000" /><testcase classname="tests.test_cli_command_handlers" name="test_new_session_handler_preserves_boundary_transition_order" time="0.000" /><testcase classname="tests.test_cli_command_handlers" name="test_new_session_handler_skips_hooks_without_agent" time="0.000" /><testcase classname="tests.test_cli_command_handlers" name="test_clear_handler_runs_same_transition_without_announcement_before_display" time="0.000" /><testcase classname="tests.test_cli_command_handlers" name="test_title_handler_projects_query_statuses[result0-expected0]" time="0.000" /><testcase classname="tests.test_cli_command_handlers" name="test_title_handler_projects_query_statuses[result1-expected1]" time="0.000" /><testcase classname="tests.test_cli_command_handlers" name="test_title_handler_projects_query_statuses[result2-expected2]" time="0.000" /><testcase classname="tests.test_cli_command_handlers" name="test_title_handler_projects_query_statuses[result3-expected3]" time="0.000" /><testcase classname="tests.test_cli_command_handlers" name="test_title_handler_projects_update_statuses[result0-  Session title set: Saved]" time="0.000" /><testcase classname="tests.test_cli_command_handlers" name="test_title_handler_projects_update_statuses[result1-  Session not found in database.]" time="0.000" /><testcase classname="tests.test_cli_command_handlers" name="test_title_handler_projects_update_statuses[result2-  Title too long]" time="0.000" /><testcase classname="tests.test_cli_command_handlers" name="test_title_handler_projects_update_statuses[result3-  Title is empty after cleanup. Please use printable characters.]" time="0.000" /><testcase classname="tests.test_cli_command_handlers" name="test_title_handler_projects_update_statuses[result4-  Title 'Taken' is already in use by session other]" time="0.000" /><testcase classname="tests.test_cli_command_handlers" name="test_title_handler_projects_update_statuses[result5-  duplicate]" time="0.000" /><testcase classname="tests.test_cli_command_handlers" name="test_title_handler_projects_update_statuses[result6-  Session database not available.]" time="0.000" /><testcase classname="tests.test_cli_command_handlers" name="test_title_handler_projects_queued_title" time="0.000" /><testcase classname="tests.test_cli_command_router" name="test_slash_detection_distinguishes_commands_from_absolute_paths" time="0.000" /><testcase classname="tests.test_cli_command_router" name="test_parse_preserves_arguments_and_rejects_removed_registry_alias" time="0.000" /><testcase classname="tests.test_cli_command_router" name="test_slow_command_status_is_derived_from_parsed_command[/skills search logs-\u6b63\u5728\u641c\u7d22\u6280\u80fd\u2026\u2026]" time="0.001" /><testcase classname="tests.test_cli_command_router" name="test_slow_command_status_is_derived_from_parsed_command[/skills browse-\u6b63\u5728\u52a0\u8f7d\u6280\u80fd\u2026\u2026]" time="0.001" /><testcase classname="tests.test_cli_command_router" name="test_slow_command_status_is_derived_from_parsed_command[/skills inspect item-\u6b63\u5728\u67e5\u770b\u6280\u80fd\u2026\u2026]" time="0.001" /><testcase classname="tests.test_cli_command_router" name="test_slow_command_status_is_derived_from_parsed_command[/skills install item-\u6b63\u5728\u5b89\u88c5\u6280\u80fd\u2026\u2026]" time="0.001" /><testcase classname="tests.test_cli_command_router" name="test_slow_command_status_is_derived_from_parsed_command[/skills list-\u6b63\u5728\u5904\u7406\u6280\u80fd\u547d\u4ee4\u202
[...]
se classname="tests.test_voice_transport" name="test_voice_session_button_can_interrupt_while_waiting_for_speech" time="0.266" /><testcase classname="tests.test_voice_transport" name="test_continuous_voice_uses_kws_vad_and_returns_to_wake_standby" time="0.012" /><testcase classname="tests.test_voice_transport" name="test_continuous_voice_retries_transient_stream_failure_without_disabling" time="0.265" /><testcase classname="tests.test_voice_transport" name="test_voice_speak_text_plays_authorized_reminder_without_microphone" time="0.012" /><testcase classname="tests.test_voice_transport" name="test_voice_session_plays_native_companion_audio_without_stt_or_tts" time="0.012" /><testcase classname="tests.test_voidcube_launcher" name="test_auto_start_daemons_reports_actual_startup_order" time="0.001" /><testcase classname="tests.test_voidcube_launcher" name="test_auto_start_daemons_claims_ownership_only_after_real_start" time="0.001" /><testcase classname="tests.test_voidcube_launcher" name="test_desktop_managed_cli_skips_wrapper_daemon_ownership" time="0.000" /><testcase classname="tests.test_windows_host_executor" name="test_windows_host_probe_uses_project_virtualenv_and_records_host_evidence" time="1.495" /><testcase classname="tests.test_windows_host_executor" name="test_windows_host_runs_with_project_python_and_enforces_workspace" time="0.968" /><testcase classname="tests.test_windows_host_executor" name="test_windows_host_timeout_terminates_child_process" time="2.152" /><testcase classname="tests.test_windows_host_executor" name="test_windows_host_manages_verified_linked_worktree" time="0.643" /><testcase classname="tests.test_windows_host_executor" name="test_windows_host_requires_a_project_virtualenv" time="0.073" /><testcase classname="Mem.tests.test_answer_assembler" name="test_answer_assembler_builds_timeline_first_sections" time="0.002" /><testcase classname="Mem.tests.test_answer_assembler" name="test_answer_assembler_builds_stable_context_sections" time="0.001" /><testcase classname="Mem.tests.test_answer_assembler" name="test_answer_assembler_separates_blockers_in_state_first" time="0.001" /><testcase classname="Mem.tests.test_answer_assembler" name="test_answer_assembler_uses_chinese_summary_for_chinese_request" time="0.001" /><testcase classname="Mem.tests.test_answer_assembler" name="test_answer_assembler_uses_stable_context_language_preference" time="0.001" /><testcase classname="Mem.tests.test_answer_assembler" name="test_answer_assembler_localizes_theme_structure_entries" time="0.001" /><testcase classname="Mem.tests.test_answer_assembler" name="test_answer_assembler_localizes_uncertainty_flags" time="0.002" /><testcase classname="Mem.tests.test_compression_policy" name="test_heuristic_compression_policy_emits_notes" time="0.001" /><testcase classname="Mem.tests.test_compression_policy" name="test_custom_compression_policy_drives_maintenance" time="0.001" /><testcase classname="Mem.tests.test_diagnostic_memory_quarantine" name="test_quarantine_hides_self_audit_memories_only" time="0.016" /><testcase classname="Mem.tests.test_diagnostic_memory_quarantine" name="test_quarantine_keeps_data_recoverable" time="0.014" /><testcase classname="Mem.tests.test_diff_and_modalities" name="test_text_turn_adapter_produces_memory_signals" time="0.001" /><testcase classname="Mem.tests.test_diff_and_modalities" name="test_audio_and_image_adapters_produce_memory_signals" time="0.001" /><testcase classname="Mem.tests.test_diff_and_modalities" name="test_memory_diff_engine_reports_added_ids_and_topics" time="0.001" /><testcase classname="Mem.tests.test_diff_and_modalities" name="test_memory_diff_engine_uses_supersession_lineage_before_topic_signature" time="0.001" /><testcase classname="Mem.tests.test_epoch_and_cli" name="test_pipeline_builds_epochs" time="0.001" /><testcase classname="Mem.tests.test_epoch_and_cli" name="test_cli_ingest_writes_json" time="0.012" /><testcase classname="Mem.tests.test_epoch_and_cli" name="test_cli_theme_query_prints_json" time="0.004" /><testcase classname="Mem.tests.test_epoch_and_cli" name="test_cli_query_supports_detail_level_and_evidence_flags" time="0.004" /><testcase classname="Mem.tests.test_epoch_and_cli" name="test_cli_chapter_query_prints_epochs" time="0.004" /><testcase classname="Mem.tests.test_epoch_and_cli" name="test_cli_maintain_returns_revision_records" time="0.004" /><testcase classname="Mem.tests.test_epoch_and_cli" name="test_cli_revise_returns_superseding_event" time="0.005" /><testcase classname="Mem.tests.test_epoch_and_cli" name="test_cli_profile_query_prints_profile_memories" time="0.010" /><testcase classname="Mem.tests.test_epoch_and_cli" name="test_cli_plan_query_outputs_structured_plan" time="0.009" /><testcase classname="Mem.tests.test_epoch_and_cli" name="test_cli_ask_executes_plan_and_returns_artifacts" time="0.005" /><testcase classname="Mem.tests.test_extraction_backends" name="test_llm_backend_can_generate_events" time="0.001" /><testcase classname="Mem.tests.test_extraction_backends" name="test_llm_backend_normalizes_malformed_event_payloads" time="0.001" /><testcase classname="Mem.tests.test_extraction_backends" name="test_llm_backend_propagates_client_errors" time="0.000" /><testcase classname="Mem.tests.test_extraction_backends" name="test_llm_scholar_backend_can_drive_scene_and_arc_text" time="10.020" /><testcase classname="Mem.tests.test_extraction_backends" name="test_llm_scholar_backend_falls_back_on_invalid_payload_fields" time="10.015" /><testcase classname="Mem.tests.test_governance_event_repository" name="test_repository_appends_and_lists_events" time="0.006" /><testcase classname="Mem.tests.test_governance_event_repository" name="test_repository_append_is_idempotent_by_event_id" time="0.008" /><testcase classname="Mem.tests.test_governance_event_repository" name="test_repository_raises_when_primary_and_retry_writes_both_fail" time="0.005" /><testcase classname="Mem.tests.test_governance_event_repository" name="test_repository_reads_retry_events_as_authoritative_history" time="0.007" /><testcase classname="Mem.tests.test_governance_event_repository" name="test_repository_queries_governance_dimensions" time="0.007" /><testcase classname="Mem.tests.test_governance_event_repository" name="test_repository_query_limit_returns_latest_matches" time="0.006" /><testcase classname="Mem.tests.test_governance_event_repository" name="test_repository_returns_ranked_failure_samples" time="0.007" /><testcase classname="Mem.tests.test_governance_event_repository" name="test_repository_filters_failure_samples_by_failure_type" time="0.006" /><testcase classname="Mem.tests.test_governance_event_repository" name="test_repository_summarizes_governance_context_for_supervisor" time="0.007" /><testcase classname="Mem.tests.test_governance_event_repository" name="test_repository_summarizes_empty_governance_context" time="0.005" /><testcase classname="Mem.tests.test_governance_event_schema" name="test_governance_event_serializes_boundary_defer" time="0.000" /><testcase classname="Mem.tests.test_governance_event_schema" name="test_governance_event_serializes_execution_outcome" time="0.000" /><testcase classname="Mem.tests.test_governance_event_schema" name="test_governance_event_serializes_watch_window_rollback" time="0.000" /><testcase classname="Mem.tests.test_identity_source_audit" name="test_audit_accepts_only_complete_stellar_first_person_evidence" time="0.000" /><testcase classname="Mem.tests.test_identity_source_audit" name="test_audit_rejects_user_turn_even_when_legacy_flags_are_present" time="0.000" /><testcase classname="Mem.tests.test_identity_source_audit" name="test_audit_separates_founding_and_governance_records" time="0.000" /><testcase classname="Mem.tests.test_identity_source_audit_contract" name="test_audit_exposes_non_mutating_migration_policy" time="0.016" /><testcase classname="Mem.tests.test_incremental_repository" name="test_incremental_update_preserves_far_history_ids" time="0.010" /><testcase classname="Mem.tests.test_llm_client" name="test_openai_compatible_client_parses_json_response" time="10.019" /><testcase classname="Mem.tests.test_llm_client" name="test_openai_compatible_client_parses_fenced_json" time="10.007" /><testcase classname="Mem.tests.test_llm_client" name="test_openai_compatible_client_accepts_segmented_content" time="10.036" /><testcase classname="Mem.tests.test_llm_client" name="test_openai_compatible_client_safe_complete_json_falls_back_on_bad_payload" time="10.015" /><testcase classname="Mem.tests.test_llm_client" name="test_openai_compatible_client_safe_complete_json_strict_mode_propagates_bad_payload" time="10.014" /><testcase classname="Mem.tests.test_llm_client" name="test_openai_compatible_client_extract_events_does_not_hide_invalid_json" time="10.019" /><testcase classname="Mem.tests.test_llm_client" name="test_openai_compatible_client_uses_provider_capability_profile" time="0.503" /><testcase classname="Mem.tests.test_llm_client" name="test_openai_compatible_client_supports_developer_role_profile" time="10.007" /><testcase classname="Mem.tests.test_llm_client" name="test_openai_compatible_client_supports_inline_user_system_prompt" time="10.014" /><testcase classname="Mem.tests.test_llm_client" name="test_openai_compatible_client_supports_string_response_format_override" time="10.020" /><testcase classname="Mem.tests.test_llm_client" name="test_openai_compatible_client_reads_choice_text_responses" time="10.034" /><testcase classname="Mem.tests.test_llm_client" name="test_openai_compatible_client_reads_output_text_responses" time="10.028" /><testcase classname="Mem.tests.test_llm_client" name="test_openai_compatible_client_streams_json_content_and_reasoning_tags" time="10.013" /><testcase classname="Mem.tests.test_llm_client" name="test_openai_compatible_client_auto_streams_api_b_think_updates" time="10.025" /><testcase classname="Mem.tests.test_llm_client" name="test_openai_compatible_client_streams_reasoning_fallback_updates" time="10.010" /><testcase classname="Mem.tests.test_llm_client" name="test_openai_compatible_client_from_env_applies_provider_overrides" time="10.031" /><testcase classname="Mem.tests.test_llm_client" name="test_resolve_provider_capabilities_loads_custom_profile_file" time="0.007" /><testcase classname="Mem.tests.test_llm_client" name="test_resolve_provider_capabilities_selects_named_profile_from_file" time="0.005" /><testcase classname="Mem.tests.test_llm_client" name="test_from_env_loads_custom_provider_profile_file" time="10.025" /><testcase classname="Mem.tests.test_llm_client" name="test_cli_parser_accepts_custom_provider_profile_name" time="0.003" /><testcase classname="Mem.tests.test_maintenance" name="test_maintenance_marks_old_arc_as_dormant_candidate" time="0.001" /><testcase classname="Mem.tests.test_maintenance" name="test_default_maintenance_does_not_supersede_tier2_units" time="0.001" /><testcase classname="Mem.tests.test_maintenance" name="test_revise_memory_creates_explicit_supersession" time="0.001" /><testcase classname="Mem.tests.test_maintenance" name="test_revision_engine_uses_scholar_backend_draft" time="0.001" /><testcase classname="Mem.tests.test_maintenance" name="test_revise_memory_refreshes_parent_chain_after_event_change" time="0.001" /><testcase classname="Mem.tests.test_memory_outbox_config" name="test_memory_outbox_settings_define_isolated_default_queues" time="0.005" /><testcase classname="Mem.tests.test_memory_outbox_config" name="test_memory_outbox_settings_share_transport_policy_and_allow_path_overrides" time="0.005" /><testcase classname="Mem.tests.test_model_config" name="test_mem_model_config_reads_new_voidcube_cli_memory_llm_block" time="0.000" /><testcase classname="Mem.tests.test_model_config" name="test_mem_model_config_keeps_memory_provider_as_plugin_identity" time="0.000" /><testcase classname="Mem.tests.test_model_config" name="test_mem_resolver_requires_explicit_model" time="0.000" /><testcase classname="Mem.tests.test_model_config" name="test_mem_model_config_ignores_memory_plugin_level_model" time="0.000" /><testcase classname="Mem.tests.test_model_config" name="test_mem_model_config_does_not_treat_memory_provider_as_llm_provider" time="0.000" /><testcase classname="Mem.tests.test_model_config" name="test_mem_model_config_cli_args_override_saved_config" time="0.000" /><testcase classname="Mem.tests.test_model_config" name="test_mem_model_config_set_resolves_role_overrides" time="0.000" /><testcase classname="Mem.tests.test_model_config" name="test_mem_model_roles_include_expected_governance_roles" time="0.000" /><testcase classname="Mem.tests.test_model_config" name="test_mem_model_config_rewrites_local_gateway_loopback_base_url" time="0.000" /><testcase classname="Mem.tests.test_model_config" name="test_mem_model_config_repairs_stale_openai_key_env_when_provider_changed" time="0.000" /><testcase classname="Mem.tests.test_model_config" name="test_resolve_mem_llm_client_rejects_loopback_gateway_without_real_mem_key" time="0.001" /><testcase classname="Mem.tests.test_model_config" name="test_resolve_mem_llm_reports_policy_block_reason" time="0.000" /><testcase classname="Mem.tests.test_model_config" name="test_resolve_mem_llm_reports_missing_credential_source" time="0.000" /><testcase classname="Mem.tests.test_model_config" name="test_resolve_mem_api_key_uses_matching_provider_auth_store" time="0.000" /><testcase classname="Mem.tests.test_model_config" name="test_resolve_mem_api_key_reads_selected_voidcube_env_value" time="0.000" /><testcase classname="Mem.tests.test_model_config" name="test_resolve_mem_api_key_does_not_read_user_chat_provider" time="0.000" /><testcase classname="Mem.tests.test_model_config" name="test_resolve_mem_api_key_ignores_placeholder_env" time="0.000" /><testcase classname="Mem.tests.test_pipeline" name="test_pipeline_extracts_events_and_scenes" time="0.001" /><testcase classname="Mem.tests.test_pipeline" name="test_query_engine_returns_range_summary" time="0.001" /><testcase classname="Mem.tests.test_pipeline" name="test_pipeline_extracts_profile_memories" time="0.000" /><testcase classname="Mem.tests.test_prompt_registry" name="test_prompt_registry_loads_default_prompt_pack" time="0.001" /><testcase classname="Mem.tests.test_prompt_registry" name="test_prompt_registry_override_takes_priority" time="0.005" /><testcase classname="Mem.tests.test_prompt_registry" name="test_prompt_registry_loads_builtin_variant" time="0.001" /><testcase classname="Mem.tests.test_prompt_registry" name="test_client_complete_json_uses_prompt_registry_key" time="10.023" /><testcase classname="Mem.tests.test_query_interface" name="test_range_query_respects_detail_level_and_evidence_flags" time="0.001" /><testcase classname="Mem.tests.test_query_interface" name="test_point_query_can_include_superseded_history" time="0.001" /><testcase classname="Mem.tests.test_query_interface" name="test_active_arcs_respects_status_filter_and_max_results" time="0.001" /><testcase classname="Mem.tests.test_query_interface" name="test_profile_lookup_filters_by_subject_and_kind" time="0.001" /><testcase classname="Mem.tests.test_query_interface" name="test_profile_conflicts_are_marked_disputed_and_ranked_last" time="0.001" /><testcase classname="Mem.tests.test_query_interface" name="test_range_query_surfaces_related_stable_context" time="0.001" /><testcase classname="Mem.tests.test_query_interface" name="test_theme_query_includes_stable_context_field" time="0.001" /><testcase classname="Mem.tests.test_query_planner" name="test_query_planner_builds_recent_changes_plan" time="0.001" /><testcase classname="Mem.tests.test_query_planner" name="test_query_planner_executes_theme_request" time="0.001" /><testcase classname="Mem.tests.test_query_planner" name="test_query_planner_detects_stable_context_requests" time="0.001" /><testcase classname="Mem.tests.test_recall_planning" name="test_cjk_constraint_query_preserves_discriminative_tail_anchor" time="0.001" /><testcase classname="Mem.tests.test_recall_planning" name="test_verbose_cjk_query_rewards_multiple_distinct_exact_anchors" time="0.001" /><testcase classname="Mem.tests.test_repository_and_benchmark" name="test_repository_initializes_and_updates_state" time="0.010" /><testcase classname="Mem.tests.test_repository_and_benchmark" name="test_benchmark_runner_handles_fixture_directory" time="0.004" /><testcase classname="Mem.tests.test_repository_and_benchmark" name="test_repository_preserves_profile_conflicts_across_updates" time="0.011" /><testcase classname="Mem.tests.test_repository_and_benchmark" name="test_benchmark_directory_includes_new_quality_fixtures" time="0.003" /><testcase classname="Mem.tests.test_repository_and_benchmark" name="test_benchmark_runner_supports_richer_quality_probes" time="0.008" /><testcase classname="Mem.tests.test_repository_and_benchmark" name="test_cli_state_commands_work" time="0.018" /><testcase classname="Mem.tests.test_repository_and_benchmark" name="test_cli_benchmark_directory_outputs_aggregate" time="0.006" /><testcase classname="Mem.tests.test_repository_and_benchmark" name="test_prompt_pack_benchmark_matrix_runner_outputs_ranking" time="0.007" /><testcase classname="Mem.tests.test_repository_and_benchmark" name="test_planner_benchmark_runner_outputs_fixture_results" time="0.003" /><testcase classname="Mem.tests.test_repository_and_benchmark" name="test_provider_contract_benchmark_runner_outputs_fixture_results" time="2.671" /><testcase classname="Mem.tests.test_repository_and_benchmark" name="test_cli_benchmark_prompt_packs_outputs_matrix" time="0.004" /><testcase classname="Mem.tests.test_repository_and_benchmark" name="test_cli_benchmark_provider_contracts_outputs_aggregate" time="3.182" /><testcase classname="Mem.tests.test_repository_and_benchmark" name="test_cli_benchmark_query_planner_outputs_aggregate" time="0.009" /><testcase classname="Mem.tests.test_repository_and_benchmark" name="test_provider_contract_benchmark_runner_supports_relative_profile_files" time="0.759" /><testcase classname="Mem.tests.test_self_identity_experience" name="test_only_agent_authored_first_person_claim_enters_identity_history" time="0.197" /><testcase classname="Mem.tests.test_self_identity_experience" name="test_all_declared_identity_agency_values_are_projectable[chosen]" time="0.144" /><testcase classname="Mem.tests.test_self_identity_experience" name="test_all_declared_identity_agency_values_are_projectable[accepted]" time="0.157" /><testcase classname="Mem.tests.test_self_identity_experience" name="test_all_declared_identity_agency_values_are_projectable[observed]" time="0.155" /><testcase classname="Mem.tests.test_self_identity_experience" name="test_all_declared_identity_agency_values_are_projectable[imposed]" time="0.157" /><testcase classname="Mem.tests.test_self_identity_experience" name="test_user_memory_request_does_not_create_self_experience" time="0.151" /><testcase classname="Mem.tests.test_self_identity_experience" name="test_user_turn_cannot_forge_self_experience_metadata" time="0.168" /><testcase classname="Mem.tests.test_self_identity_experience" name="test_regular_agent_turn_cannot_write_reserved_identity_metadata" time="0.147" /><testcase classname="Mem.tests.test_temporal" name="test_normalizes_yesterday_in_english" time="0.000" /><testcase classname="Mem.tests.test_temporal" name="test_normalizes_last_week_in_chinese" time="0.001" /><testcase classname="Mem.tests.test_temporal" name="test_normalizes_recently_as_approx_range" time="0.000" /><testcase classname="Mem.tests.test_temporal_scoring" name="test_transformer_temporal_scorer_can_drive_arc_score" time="0.001" /><testcase classname="Mem.tests.test_timestamp_timezone_normalization" name="test_normalizes_offset_timestamps_to_canonical_utc" time="0.012" /><testcase classname="Mem.tests.test_timestamp_timezone_normalization" name="test_normalization_makes_string_comparisons_consistent" time="0.017" /></testsuite></testsuites>